1594001902.466493 client started (7371): version 3.1b, socket /private/tmp/tmux-501/default, protocol 8
1594001902.466653 on Darwin 19.5.0 Darwin Kernel Version 19.5.0: Tue May 26 20:41:44 PDT 2020; root:xnu-6153.121.2~2/RELEASE_X86_64; libevent 2.1.11-stable (select)
1594001902.466719 socket is /private/tmp/tmux-501/default
1594001902.466749 trying connect
1594001902.466890 add peer 0x7ff338531000: 6 (0x0)
1594001902.469469 sending message 100 to peer 0x7ff338531000 (4 bytes)
1594001902.469523 sending message 101 to peer 0x7ff338531000 (16 bytes)
1594001902.469535 sending message 102 to peer 0x7ff338531000 (13 bytes)
1594001902.469545 sending message 108 to peer 0x7ff338531000 (21 bytes)
1594001902.469571 sending message 104 to peer 0x7ff338531000 (0 bytes)
1594001902.469581 sending message 107 to peer 0x7ff338531000 (4 bytes)
1594001902.469590 sending message 105 to peer 0x7ff338531000 (26 bytes)
1594001902.469599 sending message 105 to peer 0x7ff338531000 (28 bytes)
1594001902.469608 sending message 105 to peer 0x7ff338531000 (24 bytes)
1594001902.469617 sending message 105 to peer 0x7ff338531000 (26 bytes)
1594001902.469626 sending message 105 to peer 0x7ff338531000 (28 bytes)
1594001902.469634 sending message 105 to peer 0x7ff338531000 (20 bytes)
1594001902.469643 sending message 105 to peer 0x7ff338531000 (15 bytes)
1594001902.469652 sending message 105 to peer 0x7ff338531000 (20 bytes)
1594001902.469660 sending message 105 to peer 0x7ff338531000 (40 bytes)
1594001902.469669 sending message 105 to peer 0x7ff338531000 (75 bytes)
1594001902.469678 sending message 105 to peer 0x7ff338531000 (31 bytes)
1594001902.469686 sending message 105 to peer 0x7ff338531000 (71 bytes)
1594001902.469695 sending message 105 to peer 0x7ff338531000 (37 bytes)
1594001902.469704 sending message 105 to peer 0x7ff338531000 (34 bytes)
1594001902.469712 sending message 105 to peer 0x7ff338531000 (15 bytes)
1594001902.469721 sending message 105 to peer 0x7ff338531000 (16 bytes)
1594001902.469730 sending message 105 to peer 0x7ff338531000 (17 bytes)
1594001902.469738 sending message 105 to peer 0x7ff338531000 (43 bytes)
1594001902.469747 sending message 105 to peer 0x7ff338531000 (103 bytes)
1594001902.469756 sending message 105 to peer 0x7ff338531000 (138 bytes)
1594001902.469765 sending message 105 to peer 0x7ff338531000 (22 bytes)
1594001902.469774 sending message 105 to peer 0x7ff338531000 (61 bytes)
1594001902.469782 sending message 105 to peer 0x7ff338531000 (17 bytes)
1594001902.469791 sending message 105 to peer 0x7ff338531000 (19 bytes)
1594001902.469802 sending message 105 to peer 0x7ff338531000 (27 bytes)
1594001902.469811 sending message 105 to peer 0x7ff338531000 (35 bytes)
1594001902.469820 sending message 105 to peer 0x7ff338531000 (12 bytes)
1594001902.469828 sending message 105 to peer 0x7ff338531000 (32 bytes)
1594001902.469837 sending message 105 to peer 0x7ff338531000 (49 bytes)
1594001902.469846 sending message 105 to peer 0x7ff338531000 (39 bytes)
1594001902.469854 sending message 105 to peer 0x7ff338531000 (66 bytes)
1594001902.469863 sending message 105 to peer 0x7ff338531000 (51 bytes)
1594001902.469872 sending message 105 to peer 0x7ff338531000 (14 bytes)
1594001902.469881 sending message 105 to peer 0x7ff338531000 (24 bytes)
1594001902.469889 sending message 105 to peer 0x7ff338531000 (60 bytes)
1594001902.469898 sending message 105 to peer 0x7ff338531000 (28 bytes)
1594001902.469907 sending message 105 to peer 0x7ff338531000 (988 bytes)
1594001902.469916 sending message 105 to peer 0x7ff338531000 (51 bytes)
1594001902.469925 sending message 105 to peer 0x7ff338531000 (10 bytes)
1594001902.469933 sending message 105 to peer 0x7ff338531000 (25 bytes)
1594001902.469942 sending message 105 to peer 0x7ff338531000 (15 bytes)
1594001902.469951 sending message 105 to peer 0x7ff338531000 (15 bytes)
1594001902.469959 sending message 105 to peer 0x7ff338531000 (8 bytes)
1594001902.469968 sending message 105 to peer 0x7ff338531000 (66 bytes)
1594001902.470030 sending message 105 to peer 0x7ff338531000 (21 bytes)
1594001902.470058 sending message 105 to peer 0x7ff338531000 (23 bytes)
1594001902.470087 sending message 105 to peer 0x7ff338531000 (28 bytes)
1594001902.470093 sending message 105 to peer 0x7ff338531000 (60 bytes)
1594001902.470099 sending message 105 to peer 0x7ff338531000 (57 bytes)
1594001902.470104 sending message 105 to peer 0x7ff338531000 (43 bytes)
1594001902.470110 sending message 105 to peer 0x7ff338531000 (13 bytes)
1594001902.470115 sending message 105 to peer 0x7ff338531000 (7 bytes)
1594001902.470120 sending message 105 to peer 0x7ff338531000 (9 bytes)
1594001902.470126 sending message 105 to peer 0x7ff338531000 (14 bytes)
1594001902.470131 sending message 105 to peer 0x7ff338531000 (19 bytes)
1594001902.470136 sending message 105 to peer 0x7ff338531000 (38 bytes)
1594001902.470142 sending message 105 to peer 0x7ff338531000 (109 bytes)
1594001902.470147 sending message 105 to peer 0x7ff338531000 (70 bytes)
1594001902.470153 sending message 105 to peer 0x7ff338531000 (12 bytes)
1594001902.470158 sending message 105 to peer 0x7ff338531000 (26 bytes)
1594001902.470163 sending message 105 to peer 0x7ff338531000 (11 bytes)
1594001902.470168 sending message 105 to peer 0x7ff338531000 (8 bytes)
1594001902.470174 sending message 105 to peer 0x7ff338531000 (10 bytes)
1594001902.470179 sending message 105 to peer 0x7ff338531000 (22 bytes)
1594001902.470184 sending message 106 to peer 0x7ff338531000 (0 bytes)
1594001902.470194 sending message 200 to peer 0x7ff338531000 (4 bytes)
1594001902.470200 client loop enter
1594001902.470589 peer 0x7ff338531000 message 303
1594001902.470605 open write file 2 -
1594001902.470642 sending message 305 to peer 0x7ff338531000 (8 bytes)
1594001902.470743 peer 0x7ff338531000 message 304
1594001902.470753 write 58 to file 2
1594001902.470773 peer 0x7ff338531000 message 203
1594001902.470781 file 2 58 bytes left
1594001902.470828 client loop exit
